K6nele/app/build/outputs/logs/manifest-merger-debug-report.txt
-- Merging decision tree log ---
manifest
ADDED from app\AndroidManifest.xml:2:1-420:12
	package
		ADDED from app\AndroidManifest.xml:3:5-40
		INJECTED from app\AndroidManifest.xml
		INJECTED from app\AndroidManifest.xml
	android:versionName
		INJECTED from app\AndroidManifest.xml
		INJECTED from app\AndroidManifest.xml
	xmlns:android
		ADDED from app\AndroidManifest.xml:2:11-69
	android:versionCode
		INJECTED from app\AndroidManifest.xml
		INJECTED from app\AndroidManifest.xml
	android:installLocation
		ADDED from app\AndroidManifest.xml:4:5-35
uses-permission#android.permission.RECORD_AUDIO
ADDED from app\AndroidManifest.xml:11:5-87
	android:name
		ADDED from app\AndroidManifest.xml:11:22-68
uses-permission#android.permission.INTERNET
ADDED from app\AndroidManifest.xml:19:5-83
MERGED from [com.koushikdutta.async:androidasync:2.1.8] AndroidManifest.xml:11:5-67
	android:name
		ADDED from app\AndroidManifest.xml:19:22-64
uses-permission#android.permission.READ_EXTERNAL_STORAGE
ADDED from app\AndroidManifest.xml:29:5-80
	android:name
		ADDED from app\AndroidManifest.xml:29:22-77
uses-permission#com.android.alarm.permission.SET_ALARM
ADDED from app\AndroidManifest.xml:37:5-78
	android:name
		ADDED from app\AndroidManifest.xml:37:22-75
uses-feature#android.hardware.touchscreen
ADDED from app\AndroidManifest.xml:41:5-43:36
	android:required
		ADDED from app\AndroidManifest.xml:43:9-33
	android:name
		ADDED from app\AndroidManifest.xml:42:9-52
application
ADDED from app\AndroidManifest.xml:45:5-418:19
MERGED from [com.koushikdutta.async:androidasync:2.1.8] AndroidManifest.xml:13:5-14:19
MERGED from [com.android.support:support-v13:25.3.1] AndroidManifest.xml:29:5-20
MERGED from [com.android.support:support-v4:25.3.1] AndroidManifest.xml:29:5-20
MERGED from [com.android.support:support-fragment:25.3.1] AndroidManifest.xml:29:5-20
MERGED from [com.android.support:support-media-compat:25.3.1] AndroidManifest.xml:29:5-20
MERGED from [com.android.support:support-core-ui:25.3.1] AndroidManifest.xml:29:5-20
MERGED from [com.android.support:support-core-utils:25.3.1] AndroidManifest.xml:29:5-20
MERGED from [com.android.support:support-compat:25.3.1] AndroidManifest.xml:29:5-20
	android:label
		ADDED from app\AndroidManifest.xml:50:9-41
	android:supportsRtl
		ADDED from app\AndroidManifest.xml:51:9-35
	android:fullBackupContent
		ADDED from app\AndroidManifest.xml:48:9-41
	android:allowBackup
		ADDED from app\AndroidManifest.xml:46:9-35
	android:icon
		ADDED from app\AndroidManifest.xml:49:9-42
	android:description
		ADDED from app\AndroidManifest.xml:47:9-53
	android:theme
		ADDED from app\AndroidManifest.xml:52:9-44
activity#ee.ioc.phon.android.speak.activity.RecognizerIntentActivity
ADDED from app\AndroidManifest.xml:64:9-85:20
	android:label
		ADDED from app\AndroidManifest.xml:67:13-66
	android:launchMode
		ADDED from app\AndroidManifest.xml:68:13-42
	android:exported
		ADDED from app\AndroidManifest.xml:66:13-36
	android:theme
		ADDED from app\AndroidManifest.xml:69:13-55
	android:name
		ADDED from app\AndroidManifest.xml:65:13-62
meta-data#android.speech.DETAILS
ADDED from app\AndroidManifest.xml:82:13-84:88
	android:value
		ADDED from app\AndroidManifest.xml:84:17-85
	android:name
		ADDED from app\AndroidManifest.xml:83:17-54
activity#ee.ioc.phon.android.speak.activity.SpeechActionActivity
ADDED from app\AndroidManifest.xml:93:9-156:20
	android:clearTaskOnLaunch
		ADDED from app\AndroidManifest.xml:95:13-45
	android:label
		ADDED from app\AndroidManifest.xml:97:13-66
	android:launchMode
		ADDED from app\AndroidManifest.xml:98:13-42
	android:exported
		ADDED from app\AndroidManifest.xml:96:13-36
	android:theme
		ADDED from app\AndroidManifest.xml:99:13-55
	android:name
		ADDED from app\AndroidManifest.xml:94:13-58
intent-filter#android.intent.category.DEFAULT+android.speech.action.RECOGNIZE_SPEECH
ADDED from app\AndroidManifest.xml:100:13-104:29
action#android.speech.action.RECOGNIZE_SPEECH
ADDED from app\AndroidManifest.xml:101:17-81
	android:name
		ADDED from app\AndroidManifest.xml:101:25-78
category#android.intent.category.DEFAULT
ADDED from app\AndroidManifest.xml:103:17-76
	android:name
		ADDED from app\AndroidManifest.xml:103:27-73
intent-filter#android.intent.category.DEFAULT+android.speech.action.WEB_SEARCH
ADDED from app\AndroidManifest.xml:105:13-109:29
action#android.speech.action.WEB_SEARCH
ADDED from app\AndroidManifest.xml:106:17-75
	android:name
		ADDED from app\AndroidManifest.xml:106:25-72
intent-filter#android.intent.action.VOICE_COMMAND+android.intent.category.DEFAULT
ADDED from app\AndroidManifest.xml:113:13-117:29
action#android.intent.action.VOICE_COMMAND
ADDED from app\AndroidManifest.xml:114:17-78
	android:name
		ADDED from app\AndroidManifest.xml:114:25-75
intent-filter#android.intent.action.ASSIST+android.intent.category.DEFAULT
ADDED from app\AndroidManifest.xml:121:13-125:29
action#android.intent.action.ASSIST
ADDED from app\AndroidManifest.xml:122:17-71
	android:name
		ADDED from app\AndroidManifest.xml:122:25-68
intent-filter#android.intent.action.SEARCH_LONG_PRESS+android.intent.category.DEFAULT
ADDED from app\AndroidManifest.xml:129:13-133:29
action#android.intent.action.SEARCH_LONG_PRESS
ADDED from app\AndroidManifest.xml:130:17-82
	android:name
		ADDED from app\AndroidManifest.xml:130:25-79
intent-filter#android.intent.category.DEFAULT+android.speech.action.VOICE_SEARCH_HANDS_FREE
ADDED from app\AndroidManifest.xml:136:13-140:29
action#android.speech.action.VOICE_SEARCH_HANDS_FREE
ADDED from app\AndroidManifest.xml:137:17-88
	android:name
		ADDED from app\AndroidManifest.xml:137:25-85
intent-filter#android.intent.category.DEFAULT+android.provider.MediaStore.RECORD_SOUND
ADDED from app\AndroidManifest.xml:141:13-145:29
action#android.provider.MediaStore.RECORD_SOUND
ADDED from app\AndroidManifest.xml:142:17-83
	android:name
		ADDED from app\AndroidManifest.xml:142:25-80
intent-filter#android.intent.action.MAIN+android.intent.category.LAUNCHER
ADDED from app\AndroidManifest.xml:146:13-150:29
action#android.intent.action.MAIN
ADDED from app\AndroidManifest.xml:147:17-69
	android:name
		ADDED from app\AndroidManifest.xml:147:25-66
category#android.intent.category.LAUNCHER
ADDED from app\AndroidManifest.xml:149:17-77
	android:name
		ADDED from app\AndroidManifest.xml:149:27-74
receiver#ee.ioc.phon.android.speak.GetLanguageDetailsReceiver
ADDED from app\AndroidManifest.xml:159:9-165:20
	android:exported
		ADDED from app\AndroidManifest.xml:161:13-36
	android:name
		ADDED from app\AndroidManifest.xml:160:13-55
intent-filter#android.speech.action.GET_LANGUAGE_DETAILS
ADDED from app\AndroidManifest.xml:162:13-164:29
action#android.speech.action.GET_LANGUAGE_DETAILS
ADDED from app\AndroidManifest.xml:163:17-85
	android:name
		ADDED from app\AndroidManifest.xml:163:25-82
activity#ee.ioc.phon.android.speak.activity.Preferences
ADDED from app\AndroidManifest.xml:169:9-178:20
	android:label
		ADDED from app\AndroidManifest.xml:172:13-61
	android:exported
		ADDED from app\AndroidManifest.xml:171:13-37
	android:name
		ADDED from app\AndroidManifest.xml:170:13-49
intent-filter#android.intent.action.MAIN+android.intent.category.DEFAULT
ADDED from app\AndroidManifest.xml:173:13-177:29
activity#ee.ioc.phon.android.speak.PreferencesRecognitionServiceHttp
ADDED from app\AndroidManifest.xml:180:9-190:20
	android:label
		ADDED from app\AndroidManifest.xml:183:13-83
	android:parentActivityName
		ADDED from app\AndroidManifest.xml:184:13-63
	android:exported
		ADDED from app\AndroidManifest.xml:182:13-37
	android:name
		ADDED from app\AndroidManifest.xml:181:13-62
activity#ee.ioc.phon.android.speak.PreferencesRecognitionServiceWs
ADDED from app\AndroidManifest.xml:192:9-202:20
	android:label
		ADDED from app\AndroidManifest.xml:195:13-81
	android:parentActivityName
		ADDED from app\AndroidManifest.xml:196:13-63
	android:exported
		ADDED from app\AndroidManifest.xml:194:13-37
	android:name
		ADDED from app\AndroidManifest.xml:193:13-60
activity#ee.ioc.phon.android.speak.AboutActivity
ADDED from app\AndroidManifest.xml:204:9-208:60
	android:label
		ADDED from app\AndroidManifest.xml:206:13-55
	android:parentActivityName
		ADDED from app\AndroidManifest.xml:207:13-63
	android:theme
		ADDED from app\AndroidManifest.xml:208:13-48
	android:name
		ADDED from app\AndroidManifest.xml:205:13-42
activity#ee.ioc.phon.android.speak.activity.DetailsActivity
ADDED from app\AndroidManifest.xml:212:9-214:67
	android:theme
		ADDED from app\AndroidManifest.xml:214:13-55
	android:name
		ADDED from app\AndroidManifest.xml:213:13-53
activity#ee.ioc.phon.android.speak.activity.RewritesErrorsActivity
ADDED from app\AndroidManifest.xml:215:9-217:67
	android:theme
		ADDED from app\AndroidManifest.xml:217:13-55
	android:name
		ADDED from app\AndroidManifest.xml:216:13-60
activity#ee.ioc.phon.android.speak.activity.ComboSelectorActivity
ADDED from app\AndroidManifest.xml:218:9-221:75
	android:label
		ADDED from app\AndroidManifest.xml:220:13-53
	android:parentActivityName
		ADDED from app\AndroidManifest.xml:221:13-63
	android:name
		ADDED from app\AndroidManifest.xml:219:13-59
activity#ee.ioc.phon.android.speak.AppListActivity
ADDED from app\AndroidManifest.xml:222:9-225:75
	android:label
		ADDED from app\AndroidManifest.xml:224:13-57
	android:parentActivityName
		ADDED from app\AndroidManifest.xml:225:13-63
	android:name
		ADDED from app\AndroidManifest.xml:223:13-44
activity#ee.ioc.phon.android.speak.GrammarListActivity
ADDED from app\AndroidManifest.xml:226:9-229:75
	android:label
		ADDED from app\AndroidManifest.xml:228:13-61
	android:parentActivityName
		ADDED from app\AndroidManifest.xml:229:13-63
	android:name
		ADDED from app\AndroidManifest.xml:227:13-48
activity#ee.ioc.phon.android.speak.ServerListActivity
ADDED from app\AndroidManifest.xml:230:9-233:88
	android:label
		ADDED from app\AndroidManifest.xml:232:13-60
	android:parentActivityName
		ADDED from app\AndroidManifest.xml:233:13-76
	android:name
		ADDED from app\AndroidManifest.xml:231:13-47
activity#ee.ioc.phon.android.speak.activity.RewritesSelectorActivity
ADDED from app\AndroidManifest.xml:235:9-239:75
	android:label
		ADDED from app\AndroidManifest.xml:238:13-66
	android:parentActivityName
		ADDED from app\AndroidManifest.xml:239:13-63
	android:exported
		ADDED from app\AndroidManifest.xml:237:13-36
	android:name
		ADDED from app\AndroidManifest.xml:236:13-62
activity#ee.ioc.phon.android.speak.activity.RewritesLoaderActivity
ADDED from app\AndroidManifest.xml:240:9-255:20
	android:label
		ADDED from app\AndroidManifest.xml:242:13-64
	android:windowSoftInputMode
		ADDED from app\AndroidManifest.xml:244:13-57
	android:theme
		ADDED from app\AndroidManifest.xml:243:13-67
	android:name
		ADDED from app\AndroidManifest.xml:241:13-60
intent-filter#android.intent.action.SEND+android.intent.category.DEFAULT
ADDED from app\AndroidManifest.xml:245:13-249:29
action#android.intent.action.SEND
ADDED from app\AndroidManifest.xml:246:17-69
	android:name
		ADDED from app\AndroidManifest.xml:246:25-66
data
ADDED from app\AndroidManifest.xml:248:17-70
	android:mimeType
		ADDED from app\AndroidManifest.xml:248:23-67
intent-filter#android.intent.action.VIEW+android.intent.category.DEFAULT
ADDED from app\AndroidManifest.xml:250:13-254:29
action#android.intent.action.VIEW
ADDED from app\AndroidManifest.xml:251:17-69
	android:name
		ADDED from app\AndroidManifest.xml:251:25-66
activity#ee.ioc.phon.android.speak.activity.RewritesActivity
ADDED from app\AndroidManifest.xml:256:9-267:20
	android:parentActivityName
		ADDED from app\AndroidManifest.xml:258:13-76
	android:name
		ADDED from app\AndroidManifest.xml:257:13-54
meta-data#android.support.PARENT_ACTIVITY
ADDED from app\AndroidManifest.xml:259:13-261:70
	android:value
		ADDED from app\AndroidManifest.xml:261:17-67
	android:name
		ADDED from app\AndroidManifest.xml:260:17-63
activity#ee.ioc.phon.android.speak.activity.PermissionsRequesterActivity
ADDED from app\AndroidManifest.xml:268:9-270:84
	android:theme
		ADDED from app\AndroidManifest.xml:270:13-72
	android:name
		ADDED from app\AndroidManifest.xml:269:13-66
activity#ee.ioc.phon.android.speak.activity.FetchUrlActivity
ADDED from app\AndroidManifest.xml:271:9-274:84
	android:exported
		ADDED from app\AndroidManifest.xml:273:13-36
	android:theme
		ADDED from app\AndroidManifest.xml:274:13-72
	android:name
		ADDED from app\AndroidManifest.xml:272:13-54
activity#ee.ioc.phon.android.speak.activity.GetPutPreferenceActivity
ADDED from app\AndroidManifest.xml:276:9-279:84
	android:exported
		ADDED from app\AndroidManifest.xml:278:13-36
	android:theme
		ADDED from app\AndroidManifest.xml:279:13-72
	android:name
		ADDED from app\AndroidManifest.xml:277:13-62
activity#ee.ioc.phon.android.speak.activity.QuickSettingsActivity
ADDED from app\AndroidManifest.xml:280:9-283:75
	android:label
		ADDED from app\AndroidManifest.xml:282:13-63
	android:parentActivityName
		ADDED from app\AndroidManifest.xml:283:13-63
	android:name
		ADDED from app\AndroidManifest.xml:281:13-59
activity#ee.ioc.phon.android.speak.demo.SimpleDemo
ADDED from app\AndroidManifest.xml:284:9-286:84
	android:theme
		ADDED from app\AndroidManifest.xml:286:13-72
	android:name
		ADDED from app\AndroidManifest.xml:285:13-44
activity#ee.ioc.phon.android.speak.demo.ExtrasDemo
ADDED from app\AndroidManifest.xml:287:9-290:84
	android:exported
		ADDED from app\AndroidManifest.xml:289:13-36
	android:theme
		ADDED from app\AndroidManifest.xml:290:13-72
	android:name
		ADDED from app\AndroidManifest.xml:288:13-44
activity#ee.ioc.phon.android.speak.demo.HandsfreeDemoActivity
ADDED from app\AndroidManifest.xml:291:9-299:20
	android:label
		ADDED from app\AndroidManifest.xml:293:13-63
	android:name
		ADDED from app\AndroidManifest.xml:292:13-55
activity#ee.ioc.phon.android.speak.demo.ChatDemoActivity
ADDED from app\AndroidManifest.xml:300:9-304:66
	android:label
		ADDED from app\AndroidManifest.xml:303:13-58
	android:exported
		ADDED from app\AndroidManifest.xml:302:13-36
	android:theme
		ADDED from app\AndroidManifest.xml:304:13-54
	android:name
		ADDED from app\AndroidManifest.xml:301:13-50
activity#ee.ioc.phon.android.speak.demo.VoiceSearchDemo
ADDED from app\AndroidManifest.xml:305:9-307:77
	android:label
		ADDED from app\AndroidManifest.xml:307:13-65
	android:name
		ADDED from app\AndroidManifest.xml:306:13-49
activity#ee.ioc.phon.android.speak.demo.EncoderDemoActivity
ADDED from app\AndroidManifest.xml:309:9-312:73
	android:label
		ADDED from app\AndroidManifest.xml:312:13-61
	android:exported
		ADDED from app\AndroidManifest.xml:311:13-36
	android:name
		ADDED from app\AndroidManifest.xml:310:13-53
activity#ee.ioc.phon.android.speak.demo.FormDemoActivity
ADDED from app\AndroidManifest.xml:314:9-317:70
	android:label
		ADDED from app\AndroidManifest.xml:317:13-58
	android:exported
		ADDED from app\AndroidManifest.xml:316:13-36
	android:name
		ADDED from app\AndroidManifest.xml:315:13-50
service#ee.ioc.phon.android.speak.RecognizerIntentService
ADDED from app\AndroidManifest.xml:319:9-67
	android:name
		ADDED from app\AndroidManifest.xml:319:18-56
service#ee.ioc.phon.android.speak.service.WebSocketRecognitionService
ADDED from app\AndroidManifest.xml:323:9-340:19
	android:label
		ADDED from app\AndroidManifest.xml:327:13-62
	android:exported
		ADDED from app\AndroidManifest.xml:325:13-36
	android:permission
		ADDED from app\AndroidManifest.xml:328:13-65
	android:icon
		ADDED from app\AndroidManifest.xml:326:13-48
	android:name
		ADDED from app\AndroidManifest.xml:324:13-64
intent-filter#android.intent.category.DEFAULT+android.speech.RecognitionService
ADDED from app\AndroidManifest.xml:329:13-335:29
action#android.speech.RecognitionService
ADDED from app\AndroidManifest.xml:332:17-76
	android:name
		ADDED from app\AndroidManifest.xml:332:25-73
meta-data#android.speech
ADDED from app\AndroidManifest.xml:337:13-339:66
	android:resource
		ADDED from app\AndroidManifest.xml:339:17-63
	android:name
		ADDED from app\AndroidManifest.xml:338:17-46
service#ee.ioc.phon.android.speak.service.HttpRecognitionService
ADDED from app\AndroidManifest.xml:342:9-365:19
	android:label
		ADDED from app\AndroidManifest.xml:346:13-64
	android:exported
		ADDED from app\AndroidManifest.xml:344:13-36
	android:permission
		ADDED from app\AndroidManifest.xml:347:13-65
	android:icon
		ADDED from app\AndroidManifest.xml:345:13-48
	android:name
		ADDED from app\AndroidManifest.xml:343:13-59
service#ee.ioc.phon.android.speak.service.DemoRecognitionService
ADDED from app\AndroidManifest.xml:367:9-379:19
	android:enabled
		ADDED from app\AndroidManifest.xml:369:13-36
	android:label
		ADDED from app\AndroidManifest.xml:371:13-64
	android:exported
		ADDED from app\AndroidManifest.xml:370:13-36
	android:permission
		ADDED from app\AndroidManifest.xml:372:13-65
	android:name
		ADDED from app\AndroidManifest.xml:368:13-59
service#ee.ioc.phon.android.speak.service.WebSocketRecognitionService2
ADDED from app\AndroidManifest.xml:381:9-394:19
	android:enabled
		ADDED from app\AndroidManifest.xml:383:13-36
	android:label
		ADDED from app\AndroidManifest.xml:385:13-63
	android:exported
		ADDED from app\AndroidManifest.xml:384:13-36
	android:permission
		ADDED from app\AndroidManifest.xml:386:13-65
	android:name
		ADDED from app\AndroidManifest.xml:382:13-65
service#ee.ioc.phon.android.speak.service.SpeechInputMethodService
ADDED from app\AndroidManifest.xml:396:9-406:19
	android:label
		ADDED from app\AndroidManifest.xml:398:13-45
	android:permission
		ADDED from app\AndroidManifest.xml:399:13-70
	android:name
		ADDED from app\AndroidManifest.xml:397:13-61
intent-filter#android.view.InputMethod
ADDED from app\AndroidManifest.xml:400:13-402:29
action#android.view.InputMethod
ADDED from app\AndroidManifest.xml:401:17-67
	android:name
		ADDED from app\AndroidManifest.xml:401:25-64
meta-data#android.view.im
ADDED from app\AndroidManifest.xml:403:13-405:56
	android:resource
		ADDED from app\AndroidManifest.xml:405:17-53
	android:name
		ADDED from app\AndroidManifest.xml:404:17-47
provider#ee.ioc.phon.android.speak.provider.AppsContentProvider
ADDED from app\AndroidManifest.xml:408:9-411:40
	android:authorities
		ADDED from app\AndroidManifest.xml:410:13-89
	android:exported
		ADDED from app\AndroidManifest.xml:411:13-37
	android:name
		ADDED from app\AndroidManifest.xml:409:13-57
provider#ee.ioc.phon.android.speak.provider.FileContentProvider
ADDED from app\AndroidManifest.xml:413:9-417:68
	android:authorities
		ADDED from app\AndroidManifest.xml:415:13-89
	android:exported
		ADDED from app\AndroidManifest.xml:416:13-36
	android:permission
		ADDED from app\AndroidManifest.xml:417:13-65
	android:name
		ADDED from app\AndroidManifest.xml:414:13-57
uses-sdk
INJECTED from app\AndroidManifest.xml reason: use-sdk injection requested
MERGED from [K6nele.speechutils:app:unspecified] AndroidManifest.xml:8:5-10:41
MERGED from [K6nele:net-speech-api:unspecified] AndroidManifest.xml:7:5-9:41
MERGED from [com.koushikdutta.async:androidasync:2.1.8] AndroidManifest.xml:7:5-9:41
MERGED from [com.android.support:support-v13:25.3.1] AndroidManifest.xml:21:5-23:55
MERGED from [com.android.support:support-v4:25.3.1] AndroidManifest.xml:21:5-23:54
MERGED from [com.android.support:support-fragment:25.3.1] AndroidManifest.xml:21:5-23:60
MERGED from [com.android.support:support-media-compat:25.3.1] AndroidManifest.xml:21:5-23:63
MERGED from [com.android.support:support-core-ui:25.3.1] AndroidManifest.xml:21:5-23:58
MERGED from [com.android.support:support-core-utils:25.3.1] AndroidManifest.xml:21:5-23:61
MERGED from [com.android.support:support-compat:25.3.1] AndroidManifest.xml:21:5-23:58
	tools:overrideLibrary
		ADDED from [com.android.support:support-v13:25.3.1] AndroidManifest.xml:23:9-52
	android:targetSdkVersion
		INJECTED from app\AndroidManifest.xml
		INJECTED from app\AndroidManifest.xml
	android:minSdkVersion
		INJECTED from app\AndroidManifest.xml
		INJECTED from app\AndroidManifest.xml
meta-data#android.support.VERSION
ADDED from [com.android.support:support-v13:25.3.1] AndroidManifest.xml:25:5-27:34
MERGED from [com.android.support:support-v4:25.3.1] AndroidManifest.xml:25:5-27:34
MERGED from [com.android.support:support-fragment:25.3.1] AndroidManifest.xml:25:5-27:34
MERGED from [com.android.support:support-media-compat:25.3.1] AndroidManifest.xml:25:5-27:34
MERGED from [com.android.support:support-core-ui:25.3.1] AndroidManifest.xml:25:5-27:34
MERGED from [com.android.support:support-core-utils:25.3.1] AndroidManifest.xml:25:5-27:34
MERGED from [com.android.support:support-compat:25.3.1] AndroidManifest.xml:25:5-27:34
	android:value
		ADDED from [com.android.support:support-v13:25.3.1] AndroidManifest.xml:27:9-31
	android:name
		ADDED from [com.android.support:support-v13:25.3.1] AndroidManifest.xml:26:9-47